<?xml version="1.0" encoding="UTF-8"?>
<!-- Generated by org.testng.reporters.JUnitReportReporter -->
<testsuite hostname="RC-PC" failures="0" tests="1" name="com.inetbanking.testCases.TC_LoginTest_001" time="0.781" errors="0" timestamp="22 Sep 2020 21:07:05 GMT" skipped="0">
  <testcase classname="com.inetbanking.testCases.TC_LoginTest_001" name="loginTest" time="0.781"/>
</testsuite> <!-- com.inetbanking.testCases.TC_LoginTest_001 -->
